<?xml version="1.0" encoding="UTF-8"?>
<!-- Generated by org.testng.reporters.JUnitReportReporter -->
<testsuite hostname="DESKTOP-O8JLISA" failures="0" tests="2" name="com.qa.test.TestA" time="0.156" errors="0" timestamp="2022-06-19T14:29:08 IST" skipped="0">
  <testcase classname="com.qa.test.TestA" name="MethodA" time="0.146"/>
  <system-out/>
  <testcase classname="com.qa.test.TestA" name="MethodB" time="0.010"/>
  <system-out/>
</testsuite> <!-- com.qa.test.TestA -->
